  TimingTests.cpp
C:\development\OGLCI\OGLCI\Classroom\TimingTests.cpp(67,15): warning C4244: 'argument': conversion from 'time_t' to 'unsigned int', possible loss of data
C:\development\OGLCI\OGLCI\Classroom\TimingTests.cpp(69,23): warning C4018: '<': signed/unsigned mismatch
C:\development\OGLCI\OGLCI\Classroom\TimingTests.cpp(71,25): warning C4244: 'initializing': conversion from 'float' to 'int', possible loss of data
C:\development\OGLCI\OGLCI\Classroom\TimingTests.cpp(76,27): warning C4018: '<': signed/unsigned mismatch
C:\development\OGLCI\OGLCI\Legos\include\Table.h(53,1): warning C4267: 'argument': conversion from 'size_t' to 'unsigned int', possible loss of data
C:\development\OGLCI\OGLCI\Legos\include\Table.h(42): message : while compiling class template member function 'bool Table<float>::addRow(std::vector<T,std::allocator<T>> &)'
          with
          [
              T=float
          ]
C:\development\OGLCI\OGLCI\Classroom\TimingTests.cpp(100): message : see reference to function template instantiation 'bool Table<float>::addRow(std::vector<T,std::allocator<T>> &)' being compiled
          with
          [
              T=float
          ]
C:\development\OGLCI\OGLCI\Classroom\TimingTests.cpp(65): message : see reference to class template instantiation 'Table<float>' being compiled
C:\development\OGLCI\OGLCI\Legos\include\Table.h(72,1): warning C4267: 'argument': conversion from 'size_t' to '_Ty', possible loss of data
          with
          [
              _Ty=int
          ]
C:\development\OGLCI\OGLCI\Legos\include\Table.h(64): message : while compiling class template member function 'std::string Table<float>::logString(void)'
C:\development\OGLCI\OGLCI\Classroom\TimingTests.cpp(105): message : see reference to function template instantiation 'std::string Table<float>::logString(void)' being compiled
     Creating library C:\development\OGLCI\OGLCI\x64\Release\Classroom.lib and object C:\development\OGLCI\OGLCI\x64\Release\Classroom.exp
  Generating code
  56 of 7803 functions ( 0.7%) were compiled, the rest were copied from previous compilation.
    0 functions were new in current compilation
    2 functions had inline decision re-evaluated but remain unchanged
  Finished generating code
  Classroom.vcxproj -> C:\development\OGLCI\OGLCI\x64\Release\Classroom.exe
