c:\development\oglci\oglci\classroom\x64\release\vc142.pdb
c:\development\oglci\oglci\classroom\x64\release\timingtests.obj
c:\development\oglci\oglci\classroom\x64\release\test.obj
c:\development\oglci\oglci\classroom\x64\release\shadertest.obj
c:\development\oglci\oglci\x64\release\classroom.lib
c:\development\oglci\oglci\x64\release\classroom.exp
c:\development\oglci\oglci\x64\release\classroom.ipdb
c:\development\oglci\oglci\x64\release\classroom.iobj
c:\development\oglci\oglci\x64\release\classroom.exe
c:\development\oglci\oglci\x64\release\classroom.pdb
c:\development\oglci\oglci\classroom\x64\release\kernel.cu.cache
c:\development\oglci\oglci\classroom\x64\release\kernel.cu.obj
c:\development\oglci\oglci\classroom\x64\release\classroom.tlog\cl.command.1.tlog
c:\development\oglci\oglci\classroom\x64\release\classroom.tlog\cl.read.1.tlog
c:\development\oglci\oglci\classroom\x64\release\classroom.tlog\cl.write.1.tlog
c:\development\oglci\oglci\classroom\x64\release\classroom.tlog\classroom.write.1u.tlog
c:\development\oglci\oglci\classroom\x64\release\classroom.tlog\cudacompile.read.1u.tlog
c:\development\oglci\oglci\classroom\x64\release\classroom.tlog\cudacompile.write.1u.tlog
c:\development\oglci\oglci\classroom\x64\release\classroom.tlog\link.command.1.tlog
c:\development\oglci\oglci\classroom\x64\release\classroom.tlog\link.read.1.tlog
c:\development\oglci\oglci\classroom\x64\release\classroom.tlog\link.write.1.tlog
