  FluidGrid.cpp
  main.cpp
C:\development\OGLCI\OGLCI\TheArena\main.cpp(34,15): warning C4244: 'argument': conversion from 'time_t' to 'unsigned int', possible loss of data
C:\development\OGLCI\OGLCI\TheArena\main.cpp(66,17): warning C4244: 'initializing': conversion from 'int' to 'float', possible loss of data
C:\development\OGLCI\OGLCI\TheArena\main.cpp(67,17): warning C4244: 'initializing': conversion from 'int' to 'float', possible loss of data
C:\development\OGLCI\OGLCI\TheArena\main.cpp(68,17): warning C4244: 'initializing': conversion from 'int' to 'float', possible loss of data
C:\development\OGLCI\OGLCI\TheArena\main.cpp(81,56): warning C4244: 'argument': conversion from 'int' to 'float', possible loss of data
C:\development\OGLCI\OGLCI\TheArena\main.cpp(81,35): warning C4244: 'argument': conversion from 'int' to 'float', possible loss of data
C:\development\OGLCI\OGLCI\TheArena\main.cpp(137,56): warning C4244: 'argument': conversion from 'int' to 'float', possible loss of data
C:\development\OGLCI\OGLCI\TheArena\main.cpp(137,35): warning C4244: 'argument': conversion from 'int' to 'float', possible loss of data
C:\development\OGLCI\OGLCI\TheArena\main.cpp(224,56): warning C4244: 'argument': conversion from 'int' to 'float', possible loss of data
C:\development\OGLCI\OGLCI\TheArena\main.cpp(224,35): warning C4244: 'argument': conversion from 'int' to 'float', possible loss of data
C:\development\OGLCI\OGLCI\TheArena\main.cpp(240,56): warning C4244: 'argument': conversion from 'int' to 'float', possible loss of data
C:\development\OGLCI\OGLCI\TheArena\main.cpp(240,35): warning C4244: 'argument': conversion from 'int' to 'float', possible loss of data
C:\development\OGLCI\OGLCI\TheArena\main.cpp(249,17): warning C4244: 'initializing': conversion from 'int' to 'float', possible loss of data
C:\development\OGLCI\OGLCI\TheArena\main.cpp(250,17): warning C4244: 'initializing': conversion from 'int' to 'float', possible loss of data
C:\development\OGLCI\OGLCI\TheArena\main.cpp(306,56): warning C4244: 'argument': conversion from 'int' to 'float', possible loss of data
C:\development\OGLCI\OGLCI\TheArena\main.cpp(306,35): warning C4244: 'argument': conversion from 'int' to 'float', possible loss of data
LINK : warning LNK4098: defaultlib 'LIBCMT' conflicts with use of other libs; use /NODEFAULTLIB:library
  Generating code
  31 of 2777 functions ( 1.1%) were compiled, the rest were copied from previous compilation.
    0 functions were new in current compilation
    5 functions had inline decision re-evaluated but remain unchanged
  Finished generating code
Legos.lib(glew.obj) : warning LNK4099: PDB 'vc120.pdb' was not found with 'Legos.lib(glew.obj)' or at 'C:\development\OGLCI\OGLCI\x64\Release\vc120.pdb'; linking object as if no debug info
  TheArena.vcxproj -> C:\development\OGLCI\OGLCI\x64\Release\TheArena.exe
