[2020-07-15 21:14:45.205407] <info>: 
[array] - ARRAY2D
[2020-07-15 21:14:45.206364] <info>: 
1.000000 -1.000000 -1.000000 0.000000 
-1.000000 1.000000 0.000000 -1.000000 
-1.000000 0.000000 1.000000 -1.000000 
0.000000 -1.000000 -1.000000 1.000000 
[2020-07-15 21:14:45.207364] <info>: 
[array] - SWAP_ROWS
[2020-07-15 21:14:45.207364] <info>: expected:
9.000000 10.000000 11.000000 12.000000 
5.000000 6.000000 7.000000 8.000000 
1.000000 2.000000 3.000000 4.000000 
13.000000 14.000000 15.000000 16.000000 
[2020-07-15 21:14:45.207364] <info>: actual:
9.000000 10.000000 11.000000 12.000000 
5.000000 6.000000 7.000000 8.000000 
1.000000 2.000000 3.000000 4.000000 
13.000000 14.000000 15.000000 16.000000 
[2020-07-15 21:14:45.207364] <info>: 
[array] - SWAP_COLUMNS
[2020-07-15 21:14:45.207364] <info>: expected:
3.000000 2.000000 1.000000 4.000000 
7.000000 6.000000 5.000000 8.000000 
11.000000 10.000000 9.000000 12.000000 
15.000000 14.000000 13.000000 16.000000 
[2020-07-15 21:14:45.208325] <info>: actual:
3.000000 2.000000 1.000000 4.000000 
7.000000 6.000000 5.000000 8.000000 
11.000000 10.000000 9.000000 12.000000 
15.000000 14.000000 13.000000 16.000000 
[2020-07-15 21:14:45.208325] <info>: 
[matrix] - MATRIX_MULTIPLY
[2020-07-15 21:14:45.208325] <info>: 
[matrix] - MATRIX_LU
[2020-07-15 21:14:45.429180] <info>: expected lower:
1.000000 0.000000 0.000000 0.000000 
-1.000000 1.000000 0.000000 0.000000 
-1.000000 0.000000 1.000000 0.000000 
0.000000 1.000000 1.000000 1.000000 
[2020-07-15 21:14:45.429180] <info>: actual lower:
1.000000 0.000000 0.000000 0.000000 
-1.000000 1.000000 0.000000 0.000000 
-1.000000 -0.000000 1.000000 0.000000 
0.000000 1.000000 1.000000 1.000000 
[2020-07-15 21:14:45.430178] <info>: expected upper:
1.000000 -1.000000 -1.000000 0.000000 
0.000000 -1.000000 0.000000 -1.000000 
0.000000 0.000000 -1.000000 -1.000000 
0.000000 0.000000 0.000000 3.000000 
[2020-07-15 21:14:45.430178] <info>: actual upper:
1.000000 0.000000 0.000000 0.000000 
-1.000000 1.000000 0.000000 0.000000 
-1.000000 -0.000000 1.000000 0.000000 
0.000000 1.000000 1.000000 1.000000 
[2020-07-15 21:14:45.430178] <info>: 
[matrix] - MATRIX_LU_SOLVE
[2020-07-15 21:14:45.435163] <info>: expected:
-2.000000 
-7.000000 
-5.000000 
-10.000000 
[2020-07-15 21:14:45.435163] <info>: actual:
3.333333 
-3.333333 
-3.333333 
-6.666667 
[2020-07-15 21:14:45.441984] <info>: 
[profiling] - MATRIX_LU_PROFILING
[2020-07-15 21:14:45.803287] <info>: Average: 3.612827
