[2020-05-17 21:11:07.475872] <info>: creating window...
[2020-05-17 21:11:07.844703] <info>: window created
[2020-05-17 21:11:07.847694] <info>: 4.6.0 NVIDIA 441.22
[2020-05-17 21:11:07.850687] <info>: beginning main loop
[2020-05-17 21:11:09.165788] <info>: (789.000000, 190.000000)
[2020-05-17 21:11:09.165788] <info>: (785.000000, 187.000000)
[2020-05-17 21:11:09.172294] <info>: (774.000000, 180.000000)
[2020-05-17 21:11:09.179277] <info>: (764.000000, 173.000000)
[2020-05-17 21:11:09.185921] <info>: (752.000000, 165.000000)
[2020-05-17 21:11:09.192222] <info>: (746.000000, 161.000000)
[2020-05-17 21:11:09.200197] <info>: (740.000000, 156.000000)
[2020-05-17 21:11:09.200197] <info>: (737.000000, 155.000000)
[2020-05-17 21:11:09.206181] <info>: (735.000000, 152.000000)
[2020-05-17 21:11:09.214160] <info>: (732.000000, 150.000000)
[2020-05-17 21:11:09.214160] <info>: (730.000000, 148.000000)
[2020-05-17 21:11:09.221897] <info>: (729.000000, 147.000000)
[2020-05-17 21:11:09.221897] <info>: (728.000000, 146.000000)
[2020-05-17 21:11:09.227876] <info>: (727.000000, 145.000000)
[2020-05-17 21:11:09.227876] <info>: (727.000000, 144.000000)
[2020-05-17 21:11:09.234892] <info>: (726.000000, 143.000000)
[2020-05-17 21:11:09.241874] <info>: (725.000000, 140.000000)
[2020-05-17 21:11:09.248854] <info>: (724.000000, 138.000000)
[2020-05-17 21:11:09.256330] <info>: (723.000000, 138.000000)
[2020-05-17 21:11:09.263216] <info>: (723.000000, 137.000000)
[2020-05-17 21:11:09.269200] <info>: (722.000000, 136.000000)
[2020-05-17 21:11:09.276182] <info>: (722.000000, 135.000000)
[2020-05-17 21:11:09.283191] <info>: (721.000000, 135.000000)
[2020-05-17 21:11:09.291142] <info>: (721.000000, 134.000000)
[2020-05-17 21:11:09.297125] <info>: (720.000000, 134.000000)
[2020-05-17 21:11:09.304130] <info>: (719.000000, 134.000000)
[2020-05-17 21:11:09.311855] <info>: (718.000000, 134.000000)
[2020-05-17 21:11:09.317834] <info>: (716.000000, 134.000000)
[2020-05-17 21:11:09.324783] <info>: (715.000000, 134.000000)
[2020-05-17 21:11:09.338269] <info>: (713.000000, 133.000000)
[2020-05-17 21:11:09.346531] <info>: (711.000000, 133.000000)
[2020-05-17 21:11:09.352354] <info>: (709.000000, 132.000000)
[2020-05-17 21:11:09.359329] <info>: (707.000000, 132.000000)
[2020-05-17 21:11:09.367308] <info>: (706.000000, 132.000000)
[2020-05-17 21:11:09.374181] <info>: (705.000000, 132.000000)
[2020-05-17 21:11:09.374181] <info>: (704.000000, 132.000000)
[2020-05-17 21:11:09.388142] <info>: (703.000000, 133.000000)
[2020-05-17 21:11:09.408566] <info>: (704.000000, 135.000000)
[2020-05-17 21:11:09.414973] <info>: (706.000000, 136.000000)
[2020-05-17 21:11:09.429311] <info>: (706.000000, 137.000000)
[2020-05-17 21:11:09.450072] <info>: (707.000000, 137.000000)
[2020-05-17 21:11:09.471362] <info>: (708.000000, 138.000000)
[2020-05-17 21:11:09.477342] <info>: (711.000000, 141.000000)
[2020-05-17 21:11:09.478339] <info>: (713.000000, 144.000000)
[2020-05-17 21:11:09.485123] <info>: (716.000000, 146.000000)
[2020-05-17 21:11:09.491894] <info>: (721.000000, 151.000000)
[2020-05-17 21:11:09.498871] <info>: (726.000000, 154.000000)
[2020-05-17 21:11:09.505833] <info>: (729.000000, 158.000000)
[2020-05-17 21:11:09.512135] <info>: (729.000000, 160.000000)
[2020-05-17 21:11:09.519113] <info>: (729.000000, 162.000000)
[2020-05-17 21:11:09.525901] <info>: (729.000000, 164.000000)
[2020-05-17 21:11:09.534357] <info>: (729.000000, 166.000000)
[2020-05-17 21:11:09.534357] <info>: (729.000000, 167.000000)
[2020-05-17 21:11:09.540341] <info>: (729.000000, 170.000000)
[2020-05-17 21:11:09.547329] <info>: (728.000000, 172.000000)
[2020-05-17 21:11:09.553894] <info>: (727.000000, 174.000000)
[2020-05-17 21:11:09.560876] <info>: (727.000000, 175.000000)
[2020-05-17 21:11:09.567745] <info>: (726.000000, 177.000000)
[2020-05-17 21:11:09.575209] <info>: (726.000000, 178.000000)
[2020-05-17 21:11:09.583104] <info>: (726.000000, 179.000000)
[2020-05-17 21:11:09.617286] <info>: (726.000000, 180.000000)
[2020-05-17 21:11:09.624337] <info>: (727.000000, 180.000000)
[2020-05-17 21:11:09.645009] <info>: (727.000000, 179.000000)
[2020-05-17 21:11:09.651992] <info>: (727.000000, 178.000000)
[2020-05-17 21:11:09.659008] <info>: (727.000000, 176.000000)
[2020-05-17 21:11:09.665120] <info>: (727.000000, 175.000000)
[2020-05-17 21:11:09.666117] <info>: (727.000000, 174.000000)
[2020-05-17 21:11:09.672984] <info>: (727.000000, 173.000000)
[2020-05-17 21:11:09.678968] <info>: (727.000000, 171.000000)
[2020-05-17 21:11:09.686946] <info>: (726.000000, 169.000000)
[2020-05-17 21:11:09.693431] <info>: (726.000000, 167.000000)
[2020-05-17 21:11:09.694428] <info>: (725.000000, 166.000000)
[2020-05-17 21:11:09.700412] <info>: (724.000000, 163.000000)
[2020-05-17 21:11:09.707972] <info>: (724.000000, 162.000000)
[2020-05-17 21:11:09.708969] <info>: (724.000000, 160.000000)
[2020-05-17 21:11:09.714311] <info>: (723.000000, 157.000000)
[2020-05-17 21:11:09.720296] <info>: (723.000000, 153.000000)
[2020-05-17 21:11:09.728144] <info>: (723.000000, 150.000000)
[2020-05-17 21:11:09.735157] <info>: (723.000000, 146.000000)
[2020-05-17 21:11:09.741140] <info>: (723.000000, 141.000000)
[2020-05-17 21:11:09.748451] <info>: (723.000000, 138.000000)
[2020-05-17 21:11:09.757228] <info>: (723.000000, 135.000000)
[2020-05-17 21:11:09.758225] <info>: (723.000000, 133.000000)
[2020-05-17 21:11:09.762214] <info>: (723.000000, 130.000000)
[2020-05-17 21:11:09.769195] <info>: (723.000000, 126.000000)
[2020-05-17 21:11:09.771199] <info>: (723.000000, 125.000000)
[2020-05-17 21:11:09.771992] <info>: (723.000000, 124.000000)
[2020-05-17 21:11:09.775973] <info>: (723.000000, 121.000000)
[2020-05-17 21:11:09.783708] <info>: (723.000000, 118.000000)
[2020-05-17 21:11:09.789697] <info>: (723.000000, 114.000000)
[2020-05-17 21:11:09.797277] <info>: (723.000000, 110.000000)
[2020-05-17 21:11:09.798275] <info>: (723.000000, 109.000000)
[2020-05-17 21:11:09.804315] <info>: (723.000000, 105.000000)
[2020-05-17 21:11:09.812152] <info>: (723.000000, 101.000000)
[2020-05-17 21:11:09.812152] <info>: (723.000000, 100.000000)
[2020-05-17 21:11:09.818132] <info>: (723.000000, 97.000000)
[2020-05-17 21:11:09.825118] <info>: (723.000000, 94.000000)
[2020-05-17 21:11:09.833032] <info>: (723.000000, 91.000000)
[2020-05-17 21:11:09.840012] <info>: (723.000000, 88.000000)
[2020-05-17 21:11:09.840012] <info>: (723.000000, 87.000000)
[2020-05-17 21:11:09.845528] <info>: (724.000000, 85.000000)
[2020-05-17 21:11:09.853109] <info>: (724.000000, 82.000000)
[2020-05-17 21:11:09.860090] <info>: (724.000000, 80.000000)
[2020-05-17 21:11:09.866845] <info>: (724.000000, 78.000000)
[2020-05-17 21:11:09.873779] <info>: (725.000000, 77.000000)
[2020-05-17 21:11:09.880763] <info>: (725.000000, 75.000000)
[2020-05-17 21:11:09.887493] <info>: (725.000000, 74.000000)
[2020-05-17 21:11:09.888491] <info>: (726.000000, 73.000000)
[2020-05-17 21:11:09.894342] <info>: (726.000000, 72.000000)
[2020-05-17 21:11:09.909229] <info>: (726.000000, 70.000000)
[2020-05-17 21:11:09.916242] <info>: (727.000000, 69.000000)
[2020-05-17 21:11:09.922088] <info>: (728.000000, 68.000000)
[2020-05-17 21:11:09.936134] <info>: (728.000000, 67.000000)
[2020-05-17 21:11:09.943063] <info>: (728.000000, 66.000000)
[2020-05-17 21:11:09.972257] <info>: (729.000000, 65.000000)
[2020-05-17 21:11:09.978240] <info>: (730.000000, 64.000000)
[2020-05-17 21:11:09.985091] <info>: (731.000000, 62.000000)
[2020-05-17 21:11:09.992876] <info>: (733.000000, 61.000000)
[2020-05-17 21:11:09.999857] <info>: (734.000000, 59.000000)
[2020-05-17 21:11:10.006024] <info>: (735.000000, 56.000000)
[2020-05-17 21:11:10.012403] <info>: (736.000000, 54.000000)
[2020-05-17 21:11:10.020059] <info>: (738.000000, 52.000000)
[2020-05-17 21:11:10.020059] <info>: (739.000000, 51.000000)
[2020-05-17 21:11:10.027040] <info>: (739.000000, 50.000000)
[2020-05-17 21:11:10.033878] <info>: (739.000000, 49.000000)
[2020-05-17 21:11:10.034876] <info>: (739.000000, 48.000000)
[2020-05-17 21:11:10.040859] <info>: (740.000000, 47.000000)
[2020-05-17 21:11:10.048230] <info>: (740.000000, 46.000000)
[2020-05-17 21:11:10.048230] <info>: (741.000000, 45.000000)
[2020-05-17 21:11:10.062025] <info>: (743.000000, 42.000000)
[2020-05-17 21:11:10.068004] <info>: (744.000000, 40.000000)
[2020-05-17 21:11:10.075773] <info>: (746.000000, 37.000000)
[2020-05-17 21:11:10.081687] <info>: (747.000000, 33.000000)
[2020-05-17 21:11:10.090184] <info>: (749.000000, 31.000000)
[2020-05-17 21:11:10.090184] <info>: (750.000000, 30.000000)
[2020-05-17 21:11:10.096629] <info>: (752.000000, 28.000000)
[2020-05-17 21:11:10.103556] <info>: (752.000000, 26.000000)
[2020-05-17 21:11:10.104553] <info>: (753.000000, 25.000000)
[2020-05-17 21:11:10.110698] <info>: (754.000000, 23.000000)
[2020-05-17 21:11:10.117187] <info>: (755.000000, 22.000000)
[2020-05-17 21:11:10.124103] <info>: (756.000000, 20.000000)
[2020-05-17 21:11:10.131084] <info>: (756.000000, 19.000000)
[2020-05-17 21:11:10.138427] <info>: (756.000000, 17.000000)
[2020-05-17 21:11:10.144214] <info>: (756.000000, 16.000000)
[2020-05-17 21:11:10.152193] <info>: (756.000000, 15.000000)
[2020-05-17 21:11:10.153190] <info>: (756.000000, 14.000000)
[2020-05-17 21:11:10.159175] <info>: (756.000000, 12.000000)
[2020-05-17 21:11:10.166156] <info>: (756.000000, 11.000000)
[2020-05-17 21:11:10.167153] <info>: (756.000000, 10.000000)
[2020-05-17 21:11:10.172140] <info>: (756.000000, 9.000000)
[2020-05-17 21:11:10.180119] <info>: (755.000000, 6.000000)
[2020-05-17 21:11:10.186833] <info>: (755.000000, 4.000000)
[2020-05-17 21:11:10.193290] <info>: (754.000000, 2.000000)
[2020-05-17 21:11:10.201007] <info>: (754.000000, 1.000000)
[2020-05-17 21:11:10.708285] <info>: shutting down
